[2019-06-04T13:51:12.229] [ERROR] app - { request:
   { method: 'POST',
     url: '/behaviorInfo',
     header:
      { host: '127.0.0.1:3000',
        connection: 'keep-alive',
        'content-length': '8508',
        pragma: 'no-cache',
        'cache-control': 'no-cache',
        accept: 'application/json',
        origin: 'http://localhost:3005',
        'user-agent':
         'Mozilla/5.0 (Windows NT 10.0; Win64; x64) AppleWebKit/537.36 (KHTML, like Gecko) Chrome/73.0.3683.103 Safari/537.36',
        'content-type': 'application/json',
        referer: 'http://localhost:3005/',
        'accept-encoding': 'gzip, deflate, br',
        'accept-language': 'zh-CN,zh;q=0.9,en;q=0.8' } },
  response:
   { status: 404,
     message: 'Not Found',
     header:
      [Object: null prototype] {
        vary: 'Accept-Encoding',
        'access-control-allow-origin': '*',
        'access-control-allow-headers': 'Content-Type, Authorization, X-Requested-With, Accept',
        'access-control-allow-methods': 'PUT,POST,GET,DELETE,OPTIONS',
        'access-control-allow-credentials': 'true',
        'x-powered-by': '3.2.1',
        'content-type': 'application/json;charset=utf-8' } },
  app: { subdomainOffset: 2, proxy: false, env: 'development' },
  originalUrl: '/behaviorInfo',
  req: '<original node req>',
  res: '<original node res>',
  socket: '<original node socket>' } SyntaxError: Unexpected token $ in JSON at position 493
    at JSON.parse (<anonymous>)
    at bulkCreate (C:\a-miracle\project\server\controllers\behaviorInfo.js:29:23)
    at dispatch (C:\a-miracle\project\node_modules\koa-compose\index.js:44:32)
    at next (C:\a-miracle\project\node_modules\koa-compose\index.js:45:18)
    at C:\a-miracle\project\node_modules\koa-router\lib\router.js:346:16
    at dispatch (C:\a-miracle\project\node_modules\koa-compose\index.js:44:32)
    at C:\a-miracle\project\node_modules\koa-compose\index.js:36:12
    at dispatch (C:\a-miracle\project\node_modules\koa-router\lib\router.js:351:31)
    at dispatch (C:\a-miracle\project\server\node_modules\koa-compose\index.js:42:32)
    at app.use (C:\a-miracle\project\server\index.js:49:11)
    at dispatch (C:\a-miracle\project\server\node_modules\koa-compose\index.js:42:32)
    at filter (C:\a-miracle\project\server\node_modules\koa-json\index.js:25:12)
    at dispatch (C:\a-miracle\project\server\node_modules\koa-compose\index.js:42:32)
    at bodyParser (C:\a-miracle\project\server\node_modules\koa-bodyparser\index.js:86:11)
    at process._tickCallback (internal/process/next_tick.js:68:7) 0
[2019-06-04T13:51:17.194] [ERROR] app - { request:
   { method: 'POST',
     url: '/behaviorInfo',
     header:
      { host: '127.0.0.1:3000',
        connection: 'keep-alive',
        'content-length': '8487',
        pragma: 'no-cache',
        'cache-control': 'no-cache',
        accept: 'application/json',
        origin: 'http://localhost:3005',
        'user-agent':
         'Mozilla/5.0 (Windows NT 10.0; Win64; x64) AppleWebKit/537.36 (KHTML, like Gecko) Chrome/73.0.3683.103 Safari/537.36',
        'content-type': 'application/json',
        referer: 'http://localhost:3005/',
        'accept-encoding': 'gzip, deflate, br',
        'accept-language': 'zh-CN,zh;q=0.9,en;q=0.8' } },
  response:
   { status: 404,
     message: 'Not Found',
     header:
      [Object: null prototype] {
        vary: 'Accept-Encoding',
        'access-control-allow-origin': '*',
        'access-control-allow-headers': 'Content-Type, Authorization, X-Requested-With, Accept',
        'access-control-allow-methods': 'PUT,POST,GET,DELETE,OPTIONS',
        'access-control-allow-credentials': 'true',
        'x-powered-by': '3.2.1',
        'content-type': 'application/json;charset=utf-8' } },
  app: { subdomainOffset: 2, proxy: false, env: 'development' },
  originalUrl: '/behaviorInfo',
  req: '<original node req>',
  res: '<original node res>',
  socket: '<original node socket>' } SyntaxError: Unexpected token $ in JSON at position 2280
    at JSON.parse (<anonymous>)
    at bulkCreate (C:\a-miracle\project\server\controllers\behaviorInfo.js:29:23)
    at dispatch (C:\a-miracle\project\node_modules\koa-compose\index.js:44:32)
    at next (C:\a-miracle\project\node_modules\koa-compose\index.js:45:18)
    at C:\a-miracle\project\node_modules\koa-router\lib\router.js:346:16
    at dispatch (C:\a-miracle\project\node_modules\koa-compose\index.js:44:32)
    at C:\a-miracle\project\node_modules\koa-compose\index.js:36:12
    at dispatch (C:\a-miracle\project\node_modules\koa-router\lib\router.js:351:31)
    at dispatch (C:\a-miracle\project\server\node_modules\koa-compose\index.js:42:32)
    at app.use (C:\a-miracle\project\server\index.js:49:11)
    at dispatch (C:\a-miracle\project\server\node_modules\koa-compose\index.js:42:32)
    at filter (C:\a-miracle\project\server\node_modules\koa-json\index.js:25:12)
    at dispatch (C:\a-miracle\project\server\node_modules\koa-compose\index.js:42:32)
    at bodyParser (C:\a-miracle\project\server\node_modules\koa-bodyparser\index.js:86:11)
    at process._tickCallback (internal/process/next_tick.js:68:7) 0
[2019-06-04T13:52:02.256] [ERROR] app - { request:
   { method: 'POST',
     url: '/behaviorInfo',
     header:
      { host: '127.0.0.1:3000',
        connection: 'keep-alive',
        'content-length': '21875',
        pragma: 'no-cache',
        'cache-control': 'no-cache',
        accept: 'application/json',
        origin: 'http://localhost:3005',
        'user-agent':
         'Mozilla/5.0 (Windows NT 10.0; Win64; x64) AppleWebKit/537.36 (KHTML, like Gecko) Chrome/73.0.3683.103 Safari/537.36',
        'content-type': 'application/json',
        referer: 'http://localhost:3005/',
        'accept-encoding': 'gzip, deflate, br',
        'accept-language': 'zh-CN,zh;q=0.9,en;q=0.8' } },
  response:
   { status: 404,
     message: 'Not Found',
     header:
      [Object: null prototype] {
        vary: 'Accept-Encoding',
        'access-control-allow-origin': '*',
        'access-control-allow-headers': 'Content-Type, Authorization, X-Requested-With, Accept',
        'access-control-allow-methods': 'PUT,POST,GET,DELETE,OPTIONS',
        'access-control-allow-credentials': 'true',
        'x-powered-by': '3.2.1',
        'content-type': 'application/json;charset=utf-8' } },
  app: { subdomainOffset: 2, proxy: false, env: 'development' },
  originalUrl: '/behaviorInfo',
  req: '<original node req>',
  res: '<original node res>',
  socket: '<original node socket>' } SyntaxError: Unexpected token $ in JSON at position 1386
    at JSON.parse (<anonymous>)
    at bulkCreate (C:\a-miracle\project\server\controllers\behaviorInfo.js:29:23)
    at dispatch (C:\a-miracle\project\node_modules\koa-compose\index.js:44:32)
    at next (C:\a-miracle\project\node_modules\koa-compose\index.js:45:18)
    at C:\a-miracle\project\node_modules\koa-router\lib\router.js:346:16
    at dispatch (C:\a-miracle\project\node_modules\koa-compose\index.js:44:32)
    at C:\a-miracle\project\node_modules\koa-compose\index.js:36:12
    at dispatch (C:\a-miracle\project\node_modules\koa-router\lib\router.js:351:31)
    at dispatch (C:\a-miracle\project\server\node_modules\koa-compose\index.js:42:32)
    at app.use (C:\a-miracle\project\server\index.js:49:11)
    at dispatch (C:\a-miracle\project\server\node_modules\koa-compose\index.js:42:32)
    at filter (C:\a-miracle\project\server\node_modules\koa-json\index.js:25:12)
    at dispatch (C:\a-miracle\project\server\node_modules\koa-compose\index.js:42:32)
    at bodyParser (C:\a-miracle\project\server\node_modules\koa-bodyparser\index.js:86:11)
    at process._tickCallback (internal/process/next_tick.js:68:7) 0
[2019-06-04T13:52:07.192] [ERROR] app - { request:
   { method: 'POST',
     url: '/behaviorInfo',
     header:
      { host: '127.0.0.1:3000',
        connection: 'keep-alive',
        'content-length': '3921',
        pragma: 'no-cache',
        'cache-control': 'no-cache',
        accept: 'application/json',
        origin: 'http://localhost:3005',
        'user-agent':
         'Mozilla/5.0 (Windows NT 10.0; Win64; x64) AppleWebKit/537.36 (KHTML, like Gecko) Chrome/73.0.3683.103 Safari/537.36',
        'content-type': 'application/json',
        referer: 'http://localhost:3005/',
        'accept-encoding': 'gzip, deflate, br',
        'accept-language': 'zh-CN,zh;q=0.9,en;q=0.8' } },
  response:
   { status: 404,
     message: 'Not Found',
     header:
      [Object: null prototype] {
        vary: 'Accept-Encoding',
        'access-control-allow-origin': '*',
        'access-control-allow-headers': 'Content-Type, Authorization, X-Requested-With, Accept',
        'access-control-allow-methods': 'PUT,POST,GET,DELETE,OPTIONS',
        'access-control-allow-credentials': 'true',
        'x-powered-by': '3.2.1',
        'content-type': 'application/json;charset=utf-8' } },
  app: { subdomainOffset: 2, proxy: false, env: 'development' },
  originalUrl: '/behaviorInfo',
  req: '<original node req>',
  res: '<original node res>',
  socket: '<original node socket>' } SyntaxError: Unexpected token $ in JSON at position 2280
    at JSON.parse (<anonymous>)
    at bulkCreate (C:\a-miracle\project\server\controllers\behaviorInfo.js:29:23)
    at dispatch (C:\a-miracle\project\node_modules\koa-compose\index.js:44:32)
    at next (C:\a-miracle\project\node_modules\koa-compose\index.js:45:18)
    at C:\a-miracle\project\node_modules\koa-router\lib\router.js:346:16
    at dispatch (C:\a-miracle\project\node_modules\koa-compose\index.js:44:32)
    at C:\a-miracle\project\node_modules\koa-compose\index.js:36:12
    at dispatch (C:\a-miracle\project\node_modules\koa-router\lib\router.js:351:31)
    at dispatch (C:\a-miracle\project\server\node_modules\koa-compose\index.js:42:32)
    at app.use (C:\a-miracle\project\server\index.js:49:11)
    at dispatch (C:\a-miracle\project\server\node_modules\koa-compose\index.js:42:32)
    at filter (C:\a-miracle\project\server\node_modules\koa-json\index.js:25:12)
    at dispatch (C:\a-miracle\project\server\node_modules\koa-compose\index.js:42:32)
    at bodyParser (C:\a-miracle\project\server\node_modules\koa-bodyparser\index.js:86:11)
    at process._tickCallback (internal/process/next_tick.js:68:7) 0
[2019-06-04T13:52:47.228] [ERROR] app - { request:
   { method: 'POST',
     url: '/behaviorInfo',
     header:
      { host: '127.0.0.1:3000',
        connection: 'keep-alive',
        'content-length': '18322',
        pragma: 'no-cache',
        'cache-control': 'no-cache',
        accept: 'application/json',
        origin: 'http://localhost:3005',
        'user-agent':
         'Mozilla/5.0 (Windows NT 10.0; Win64; x64) AppleWebKit/537.36 (KHTML, like Gecko) Chrome/73.0.3683.103 Safari/537.36',
        'content-type': 'application/json',
        referer: 'http://localhost:3005/',
        'accept-encoding': 'gzip, deflate, br',
        'accept-language': 'zh-CN,zh;q=0.9,en;q=0.8' } },
  response:
   { status: 404,
     message: 'Not Found',
     header:
      [Object: null prototype] {
        vary: 'Accept-Encoding',
        'access-control-allow-origin': '*',
        'access-control-allow-headers': 'Content-Type, Authorization, X-Requested-With, Accept',
        'access-control-allow-methods': 'PUT,POST,GET,DELETE,OPTIONS',
        'access-control-allow-credentials': 'true',
        'x-powered-by': '3.2.1',
        'content-type': 'application/json;charset=utf-8' } },
  app: { subdomainOffset: 2, proxy: false, env: 'development' },
  originalUrl: '/behaviorInfo',
  req: '<original node req>',
  res: '<original node res>',
  socket: '<original node socket>' } SyntaxError: Unexpected token $ in JSON at position 2280
    at JSON.parse (<anonymous>)
    at bulkCreate (C:\a-miracle\project\server\controllers\behaviorInfo.js:30:23)
    at dispatch (C:\a-miracle\project\node_modules\koa-compose\index.js:44:32)
    at next (C:\a-miracle\project\node_modules\koa-compose\index.js:45:18)
    at C:\a-miracle\project\node_modules\koa-router\lib\router.js:346:16
    at dispatch (C:\a-miracle\project\node_modules\koa-compose\index.js:44:32)
    at C:\a-miracle\project\node_modules\koa-compose\index.js:36:12
    at dispatch (C:\a-miracle\project\node_modules\koa-router\lib\router.js:351:31)
    at dispatch (C:\a-miracle\project\server\node_modules\koa-compose\index.js:42:32)
    at app.use (C:\a-miracle\project\server\index.js:49:11)
    at dispatch (C:\a-miracle\project\server\node_modules\koa-compose\index.js:42:32)
    at filter (C:\a-miracle\project\server\node_modules\koa-json\index.js:25:12)
    at dispatch (C:\a-miracle\project\server\node_modules\koa-compose\index.js:42:32)
    at bodyParser (C:\a-miracle\project\server\node_modules\koa-bodyparser\index.js:86:11)
    at process._tickCallback (internal/process/next_tick.js:68:7) 0
[2019-06-04T13:53:28.253] [INFO] behavior - 批量创建行为信息成功
[2019-06-04T13:54:22.469] [INFO] behavior - 批量创建行为信息成功
[2019-06-04T13:56:20.647] [INFO] behavior - 批量创建行为信息成功
[2019-06-04T13:57:10.278] [INFO] behavior - 批量创建行为信息成功
[2019-06-04T13:58:19.682] [DEBUG] index - This is in the route
[2019-06-04T13:59:46.158] [INFO] behavior - 批量创建行为信息成功
[2019-06-04T13:59:56.154] [INFO] behavior - 批量创建行为信息成功
[2019-06-04T14:00:01.137] [INFO] behavior - 批量创建行为信息成功
[2019-06-04T14:00:06.146] [INFO] behavior - 批量创建行为信息成功
[2019-06-04T14:00:23.648] [INFO] behavior - 批量创建行为信息成功
[2019-06-04T14:02:14.469] [INFO] behavior - 批量创建行为信息成功
[2019-06-04T14:10:33.403] [DEBUG] index - This is in the route
[2019-06-04T14:10:41.431] [DEBUG] index - This is in the route
[2019-06-04T14:11:05.824] [DEBUG] index - This is in the route
[2019-06-04T14:12:07.862] [DEBUG] index - This is in the route
[2019-06-04T14:12:52.674] [DEBUG] index - This is in the route
[2019-06-04T14:14:35.567] [DEBUG] index - This is in the route
[2019-06-04T14:16:10.731] [DEBUG] index - This is in the route
[2019-06-04T14:16:36.717] [DEBUG] index - This is in the route
[2019-06-04T14:16:39.357] [DEBUG] index - This is in the route
[2019-06-04T14:16:43.044] [DEBUG] index - This is in the route
[2019-06-04T14:16:44.019] [DEBUG] index - This is in the route
[2019-06-04T14:16:44.841] [DEBUG] index - This is in the route
[2019-06-04T14:16:47.545] [DEBUG] index - This is in the route
[2019-06-04T14:16:56.336] [DEBUG] index - This is in the route
[2019-06-04T14:16:59.242] [DEBUG] index - This is in the route
[2019-06-04T14:17:02.056] [DEBUG] index - This is in the route
[2019-06-04T14:17:03.030] [DEBUG] index - This is in the route
[2019-06-04T14:17:04.578] [DEBUG] index - This is in the route
[2019-06-04T14:17:06.783] [DEBUG] index - This is in the route
[2019-06-04T14:17:14.247] [INFO] behavior - 批量创建行为信息成功
[2019-06-04T14:17:23.794] [DEBUG] index - This is in the route
[2019-06-04T14:17:35.291] [DEBUG] index - This is in the route
[2019-06-04T14:17:36.850] [DEBUG] index - This is in the route
[2019-06-04T14:17:47.165] [DEBUG] index - This is in the route
[2019-06-04T14:17:49.927] [DEBUG] index - This is in the route
[2019-06-04T14:17:59.907] [DEBUG] index - This is in the route
[2019-06-04T14:18:35.345] [INFO] behavior - 批量创建行为信息成功
[2019-06-04T14:20:00.354] [INFO] behavior - 批量创建行为信息成功
[2019-06-04T14:21:34.644] [DEBUG] index - This is in the route
[2019-06-04T14:21:36.707] [DEBUG] index - This is in the route
[2019-06-04T14:21:46.565] [INFO] behavior - 批量创建行为信息成功
[2019-06-04T14:21:46.883] [DEBUG] index - This is in the route
[2019-06-04T14:21:52.956] [INFO] behavior - 批量创建行为信息成功
[2019-06-04T14:21:54.297] [DEBUG] index - This is in the route
[2019-06-04T14:22:20.577] [INFO] behavior - 批量创建行为信息成功
[2019-06-04T14:22:25.068] [DEBUG] index - This is in the route
[2019-06-04T14:22:41.756] [INFO] behavior - 批量创建行为信息成功
[2019-06-04T14:22:44.965] [DEBUG] index - This is in the route
[2019-06-04T14:23:15.145] [INFO] behavior - 批量创建行为信息成功
[2019-06-04T14:23:23.424] [INFO] behavior - 批量创建行为信息成功
[2019-06-04T14:23:38.797] [DEBUG] index - This is in the route
[2019-06-04T14:23:40.514] [DEBUG] index - This is in the route
[2019-06-04T14:23:47.146] [INFO] behavior - 批量创建行为信息成功
[2019-06-04T14:24:00.294] [DEBUG] index - This is in the route
[2019-06-04T14:25:08.669] [DEBUG] index - This is in the route
[2019-06-04T14:25:10.828] [DEBUG] index - This is in the route
[2019-06-04T14:25:13.369] [INFO] behavior - 批量创建行为信息成功
[2019-06-04T14:25:15.385] [DEBUG] index - This is in the route
[2019-06-04T14:25:26.431] [INFO] behavior - 批量创建行为信息成功
[2019-06-04T14:25:27.913] [DEBUG] index - This is in the route
[2019-06-04T14:25:38.568] [INFO] behavior - 批量创建行为信息成功
[2019-06-04T14:25:41.934] [DEBUG] index - This is in the route
[2019-06-04T14:25:56.430] [INFO] behavior - 批量创建行为信息成功
[2019-06-04T14:32:53.815] [INFO] behavior - 批量创建行为信息成功
[2019-06-04T14:35:18.459] [DEBUG] index - This is in the route
[2019-06-04T14:35:30.452] [INFO] behavior - 批量创建行为信息成功
[2019-06-04T14:36:07.968] [INFO] behavior - 批量创建行为信息成功
[2019-06-04T14:43:58.065] [INFO] behavior - 批量创建行为信息成功
[2019-06-04T14:44:02.951] [INFO] behavior - 批量创建行为信息成功
[2019-06-04T14:45:08.009] [INFO] behavior - 批量创建行为信息成功
[2019-06-04T14:46:04.607] [INFO] behavior - 批量创建行为信息成功
[2019-06-04T14:47:04.646] [INFO] behavior - 批量创建行为信息成功
[2019-06-04T14:48:06.377] [INFO] behavior - 批量创建行为信息成功
[2019-06-04T14:48:11.366] [INFO] behavior - 批量创建行为信息成功
[2019-06-04T14:48:31.392] [INFO] behavior - 批量创建行为信息成功
[2019-06-04T14:56:39.989] [INFO] behavior - 批量创建行为信息成功
[2019-06-04T14:56:44.948] [INFO] behavior - 批量创建行为信息成功
[2019-06-04T14:57:39.997] [INFO] behavior - 批量创建行为信息成功
[2019-06-04T14:57:44.000] [DEBUG] index - This is in the route
[2019-06-04T14:57:50.714] [DEBUG] index - This is in the route
[2019-06-04T14:57:52.354] [DEBUG] index - This is in the route
[2019-06-04T14:57:53.951] [INFO] behavior - 批量创建行为信息成功
[2019-06-04T14:57:58.941] [INFO] behavior - 批量创建行为信息成功
[2019-06-04T14:58:24.179] [DEBUG] index - This is in the route
[2019-06-04T14:58:27.928] [DEBUG] index - This is in the route
[2019-06-04T14:58:29.321] [DEBUG] index - This is in the route
[2019-06-04T14:58:47.824] [INFO] behavior - 批量创建行为信息成功
[2019-06-04T14:59:45.041] [DEBUG] index - This is in the route
[2019-06-04T14:59:52.431] [INFO] behavior - 批量创建行为信息成功
[2019-06-04T14:59:53.306] [DEBUG] index - This is in the route
[2019-06-04T14:59:57.038] [DEBUG] index - This is in the route
[2019-06-04T14:59:58.148] [DEBUG] index - This is in the route
[2019-06-04T15:00:03.829] [DEBUG] index - This is in the route
[2019-06-04T15:00:05.476] [DEBUG] index - This is in the route
[2019-06-04T15:00:06.652] [INFO] behavior - 批量创建行为信息成功
[2019-06-04T15:00:06.673] [DEBUG] index - This is in the route
[2019-06-04T15:00:09.526] [DEBUG] index - This is in the route
[2019-06-04T15:00:26.453] [INFO] behavior - 批量创建行为信息成功
